make all --print-data-base --no-builtin-variables --no-builtin-rules --question
# GNU Make 3.81
# Copyright (C) 2006  Free Software Foundation, Inc.
# This is free software; see the source for copying conditions.
# There is NO warranty; not even for MERCHANTABILITY or FITNESS FOR A
# PARTICULAR PURPOSE.

# This program built for i386-apple-darwin11.3.0
 

# Make data base, printed on Sat Jul 18 23:56:50 2026

# Variables

# automatic
<D = $(patsubst %/,%,$(dir $<))
# automatic
?F = $(notdir $?)
# environment
VSCODE_CRASH_REPORTER_PROCESS_TYPE = extensionHost
# automatic
?D = $(patsubst %/,%,$(dir $?))
# automatic
 
@D = $(patsubst %/,%,$(dir $@))
# automatic
@F = $(notdir $@)
# makefile
CURDIR := /Users/pubudunawarathna/Downloads/stm32f407-layered-cpp-firmware 2
# makefile
SHELL = /bin/sh
# environment
VSCODE_NLS_CONFIG = {"userLocale":"en-gb","osLocale":"en-my","resolvedLanguage":"en","defaultMessagesFile":"/Applications/Visual Studio Code.app/Contents/Resources/app/out/nls.messages.json","locale":"en-gb","availableLanguages":{}}
# environment
_ = /usr/bin/make
# makefile (from `build/startup/vectors.d', line 1)
MAKEFILE_LIST :=  Makefile build/app/application.d build/app/command_processor.d build/app/main.d build/bsp/board.d build/drivers/button/button.d build/drivers/button/button_debouncer.d build/drivers/gpio/gpio.d build/drivers/led/led.d build/drivers/uart/uart.d build/platform/stm32f407/registers.d build/platform/stm32f407/system.d build/startup/startup.d build/startup/vectors.d
# makefile (from `Makefile', line 32)
SOURCES := app/application.cpp app/command_processor.cpp app/main.cpp bsp/board.cpp drivers/button/button.cpp drivers/button/button_debouncer.cpp drivers/gpio/gpio.cpp drivers/led/led.cpp drivers/uart/uart.cpp platform/stm32f407/registers.cpp platform/stm32f407/system.cpp startup/startup.cpp startup/vectors.cpp
# makefile (from `Makefile', line 11)
CXXFLAGS := -mcpu=cortex-m4 -mthumb -std=c++17 -ffreestanding -fno-exceptions -fno-rtti -fno-threadsafe-statics -fno-use-cxa-atexit -fno-unwind-tables -fno-asynchronous-unwind-tables -fdata-sections -ffunction-sections -Wall -Wextra -Werror -O2 -g3 -I.
# environment
__CFBundleIdentifier = com.microsoft.VSCode
# environment
VSCODE_CWD = /
# environment
PATH = /usr/bin:/bin:/usr/sbin:/sbin
# makefile (from `Makefile', line 1)
PROJECT := firmware
# environment
ELECTRON_RUN_AS_NODE = 1
# makefile (from `Makefile', line 26)
LDFLAGS := -mcpu=cortex-m4 -mthumb -nostdlib -Wl,--gc-sections -Wl,-Map=build/firmware.map -Tlinker/stm32f407.ld
# default
.FEATURES := target-specific order-only second-expansion else-if archives jobserver check-symlink
# environment
SSH_AUTH_SOCK = /var/run/com.apple.launchd.gTZtaGxkMq/Listeners
# makefile (from `Makefile', line 7)
SIZE := arm-none-eabi-size
# automatic
%F = $(notdir $%)
# makefile (from `Makefile', line 38)
COMMAND_TEST := build-host/command_processor_tests
# makefile (from `Makefile', line 10)
CPU_FLAGS := -mcpu=cortex-m4 -mthumb
# environment
PWD = /Users/pubudunawarathna/Downloads/stm32f407-layered-cpp-firmware 2
# environment
OSLogRateLimit = 64
# environment
MANPATH = /Library/Developer/CommandLineTools/SDKs/MacOSX.sdk/usr/share/man:/Library/Developer/CommandLineTools/usr/share/man:/Library/Developer/CommandLineTools/Toolchains/XcodeDefault.xctoolchain/usr/share/man:
# environment
HOME = /Users/pubudunawarathna
# default
MAKEFILEPATH = $(shell /usr/bin/xcode-select -print-path 2>/dev/null || echo /Developer)/Makefiles
# makefile (from `Makefile', line 8)
HOST_CXX = g++
# environment
VSCODE_CODE_CACHE_PATH = /Users/pubudunawarathna/Library/Application Support/Code/CachedData/125df4672b8a6a34975303c6b0baa124e560a4f7
# environment
LOGNAME = pubudunawarathna
# environment
APPLICATION_INSIGHTS_NO_DIAGNOSTIC_CHANNEL = 1
# environment
VSCODE_HANDLES_UNCAUGHT_ERRORS = true
# automatic
^D = $(patsubst %/,%,$(dir $^))
# environment
XPC_FLAGS = 0x0
# default
MAKE = $(MAKE_COMMAND)
# default
MAKECMDGOALS := all
# environment
SHLVL = 1
# environment
VSCODE_ESM_ENTRYPOINT = vs/workbench/api/node/extensionHostProcess
# makefile (from `Makefile', line 2)
BUILD_DIR := build
# default
MAKE_VERSION := 3.81
# environment
USER = pubudunawarathna
# makefile
.DEFAULT_GOAL := all
# automatic
%D = $(patsubst %/,%,$(dir $%))
# environment
MACH_PORT_RENDEZVOUS_PEER_VALDATION = 1
# default
MAKE_COMMAND := /Library/Developer/CommandLineTools/usr/bin/make
# default
.VARIABLES := 
# environment
TMPDIR = /var/folders/v_/3k8bb9jj31vc8xkdhy2r_c640000gn/T/
# automatic
*F = $(notdir $*)
# environment
VSCODE_IPC_HOOK = /Users/pubudunawarathna/Library/Application Support/Code/1.12-main.sock
# environment
MallocNanoZone = 0
# makefile
MAKEFLAGS = Rrqp
# environment
MFLAGS = -Rrqp
# automatic
*D = $(patsubst %/,%,$(dir $*))
# makefile (from `Makefile', line 37)
BUTTON_TEST := build-host/button_tests
# environment
XPC_SERVICE_NAME = application.com.microsoft.VSCode.1050837682.1050838343
# automatic
+D = $(patsubst %/,%,$(dir $+))
# automatic
+F = $(notdir $+)
# makefile (from `Makefile', line 36)
HOST_FLAGS := -std=c++17 -Wall -Wextra -Werror -O2 -I.
# environment
__CF_USER_TEXT_ENCODING = 0x1F5:0x0:0x0
# environment
COMMAND_MODE = unix2003
# default
MAKEFILES := 
# automatic
<F = $(notdir $<)
# makefile (from `Makefile', line 5)
CXX := arm-none-eabi-g++
# environment
LC_ALL = C
# makefile (from `Makefile', line 3)
HOST_BUILD_DIR := build-host
# automatic
^F = $(notdir $^)
# makefile (from `Makefile', line 6)
OBJCOPY := arm-none-eabi-objcopy
# makefile (from `Makefile', line 34)
DEPS := build/app/application.d build/app/command_processor.d build/app/main.d build/bsp/board.d build/drivers/button/button.d build/drivers/button/button_debouncer.d build/drivers/gpio/gpio.d build/drivers/led/led.d build/drivers/uart/uart.d build/platform/stm32f407/registers.d build/platform/stm32f407/system.d build/startup/startup.d build/startup/vectors.d
# default
SUFFIXES := 
# default
.INCLUDE_DIRS = /usr/local/include
# environment
MAKELEVEL := 0
# makefile (from `Makefile', line 33)
OBJECTS := build/app/application.o build/app/command_processor.o build/app/main.o build/bsp/board.o build/drivers/button/button.o build/drivers/button/button_debouncer.o build/drivers/gpio/gpio.o build/drivers/led/led.o build/drivers/uart/uart.o build/platform/stm32f407/registers.o build/platform/stm32f407/system.o build/startup/startup.o build/startup/vectors.o
# environment
LANG = C
# environment
VSCODE_PID = 2201
# variable set hash-table stats:
# Load=77/1024=8%, Rehash=0, Collisions=2/160=1%

# Pattern-specific Variable Values

# No pattern-specific variable values.

# Directories

# . (device 16777232, inode 1052745750): 20 files, no impossibilities.

# 20 files, no impossibilities in 1 directories.

# Implicit Rules

build/%.o: %.cpp
#  commands to execute (from `Makefile', line 53):
	@mkdir -p $(dir $@)
	$(CXX) $(CXXFLAGS) -MMD -MP -c $< -o $@
	

# 1 implicit rules, 0 (0.0%) terminal.

# Files

 
bsp/board_config.hpp:
#  Implicit rule search has not been done.
#  Modification time never checked.
#  File has not been updated.

build/platform/stm32f407/system.o: platform/stm32f407/system.cpp platform/stm32f407/system.hpp platform/stm32f407/registers.hpp
#  Implicit rule search has not been done.
#  Modification time never checked.
#  File has not been updated.

build/firmware.bin: build/firmware.elf
#  Implicit rule search has not been done.
#  Modification time never checked.
#  File has not been updated.
#  commands to execute (from `Makefile', line 50):
	$(OBJCOPY) -O binary $< $@
	

# Not a target:
build/app/main.d:
#  A default, MAKEFILES, or -include/sinclude makefile.
#  Implicit rule search has been done.
#  Last modified 2026-07-18 23:04:40
#  File has been updated.
#  Successfully updated.
# variable set hash-table stats:
# Load=0/32=0%, Rehash=0, Collisions=0/0=0%

all: check-layout build/firmware.elf build/firmware.bin
#  Phony target (prerequisite of .PHONY).
#  Command-line target.
#  Implicit rule search has not been done.
#  File does not exist.
#  File has been updated.
#  Needs to be updated (-q is set).
# variable set hash-table stats:
# Load=0/32=0%, Rehash=0, Collisions=0/2=0%
#  commands to execute (from `Makefile', line 43):
	$(SIZE) $(BUILD_DIR)/$(PROJECT).elf
	

# Not a target:
bsp/board.cpp:
#  Implicit rule search has not been done.
#  Modification time never checked.
#  File has not been updated.

.PHONY: all clean flash test check-layout
#  Implicit rule search has not been done.
#  Modification time never checked.
#  File has not been updated.

# Not a target:
build/app/application.d:
#  A default, MAKEFILES, or -include/sinclude makefile.
#  Implicit rule search has been done.
#  Last modified 2026-07-18 23:10:35
#  File has been updated.
#  Successfully updated.
# variable set hash-table stats:
# Load=0/32=0%, Rehash=0, Collisions=0/0=0%

# Not a target:
drivers/button/button_debouncer.cpp:
#  Implicit rule search has not been done.
#  Modification time never checked.
#  File has not been updated.

build/platform/stm32f407/registers.o: platform/stm32f407/registers.cpp platform/stm32f407/registers.hpp
#  Implicit rule search has not been done.
#  Modification time never checked.
#  File has not been updated.

bsp/board.hpp:
#  Implicit rule search has not been done.
#  Modification time never checked.
#  File has not been updated.

# Not a target:
.SUFFIXES:
#  Implicit rule search has not been done.
#  Modification time never checked.
#  File has not been updated.

# Not a target:
build/app/command_processor.d:
#  A default, MAKEFILES, or -include/sinclude makefile.
#  Implicit rule search has been done.
#  Last modified 2026-07-18 21:50:17
#  File has been updated.
#  Successfully updated.
# variable set hash-table stats:
# Load=0/32=0%, Rehash=0, Collisions=0/0=0%

# Not a target:
Makefile:
#  Implicit rule search has been done.
#  Last modified 2026-07-18 23:22:57
#  File has been updated.
#  Successfully updated.
# variable set hash-table stats:
# Load=0/32=0%, Rehash=0, Collisions=0/0=0%

# Not a target:
platform/stm32f407/system.cpp:
#  Implicit rule search has not been done.
#  Modification time never checked.
#  File has not been updated.

# Not a target:
tests/command_processor_tests.cpp:
#  Implicit rule search has not been done.
#  Modification time never checked.
#  File has not been updated.

# Not a target:
tests/button_tests.cpp:
#  Implicit rule search has not been done.
#  Modification time never checked.
#  File has not been updated.

# Not a target:
drivers/uart/uart.cpp:
#  Implicit rule search has not been done.
#  Modification time never checked.
#  File has not been updated.

# Not a target:
build/drivers/button/button_debouncer.d:
#  A default, MAKEFILES, or -include/sinclude makefile.
#  Implicit rule search has been done.
#  Last modified 2026-07-18 21:50:18
#  File has been updated.
#  Successfully updated.
# variable set hash-table stats:
# Load=0/32=0%, Rehash=0, Collisions=0/0=0%

test: build-host/button_tests build-host/command_processor_tests
#  Phony target (prerequisite of .PHONY).
#  Implicit rule search has not been done.
#  File does not exist.
#  File has not been updated.
#  commands to execute (from `Makefile', line 65):
	$(BUTTON_TEST)
	$(COMMAND_TEST)
	@echo "Host tests passed."
	

drivers/button/button_debouncer.hpp:
#  Implicit rule search has not been done.
#  Modification time never checked.
#  File has not been updated.

build/app/main.o: app/main.cpp app/application.hpp app/command_processor.hpp drivers/button/button.hpp drivers/button/button_debouncer.hpp drivers/gpio/gpio.hpp drivers/led/led.hpp drivers/uart/uart.hpp platform/stm32f407/registers.hpp bsp/board.hpp config/firmware_config.hpp platform/stm32f407/system.hpp
#  Implicit rule search has not been done.
#  Modification time never checked.
#  File has not been updated.

# Not a target:
drivers/button/button.cpp:
#  Implicit rule search has not been done.
#  Modification time never checked.
#  File has not been updated.

# Not a target:
build/drivers/uart/uart.d:
#  A default, MAKEFILES, or -include/sinclude makefile.
#  Implicit rule search has been done.
#  Last modified 2026-07-18 23:04:40
#  File has been updated.
#  Successfully updated.
# variable set hash-table stats:
# Load=0/32=0%, Rehash=0, Collisions=0/0=0%

platform/stm32f407/system.hpp:
#  Implicit rule search has not been done.
#  Modification time never checked.
#  File has not been updated.

drivers/uart/uart.hpp:
#  Implicit rule search has not been done.
#  Modification time never checked.
#  File has not been updated.

# Not a target:
platform/stm32f407/registers.cpp:
#  Implicit rule search has not been done.
#  Modification time never checked.
#  File has not been updated.

 
build/app/application.o: app/application.cpp app/application.hpp app/command_processor.hpp drivers/button/button.hpp drivers/button/button_debouncer.hpp drivers/gpio/gpio.hpp drivers/led/led.hpp drivers/uart/uart.hpp platform/stm32f407/registers.hpp config/firmware_config.hpp
#  Implicit rule search has not been done.
#  Modification time never checked.
#  File has not been updated.

# Not a target:
build/drivers/button/button.d:
#  A default, MAKEFILES, or -include/sinclude makefile.
#  Implicit rule search has been done.
#  Last modified 2026-07-18 21:50:18
#  File has been updated.
#  Successfully updated.
# variable set hash-table stats:
# Load=0/32=0%, Rehash=0, Collisions=0/0=0%

# Not a target:
drivers/led/led.cpp:
#  Implicit rule search has not been done.
#  Modification time never checked.
#  File has not been updated.

# Not a target:
linker/stm32f407.ld:
#  Implicit rule search has not been done.
#  Modification time never checked.
#  File has not been updated.

drivers/button/button.hpp:
#  Implicit rule search has not been done.
#  Modification time never checked.
#  File has not been updated.

# Not a target:
drivers/gpio/gpio.cpp:
#  Implicit rule search has not been done.
#  Modification time never checked.
#  File has not been updated.

build/app/command_processor.o: app/command_processor.cpp app/command_processor.hpp
#  Implicit rule search has not been done.
#  Modification time never checked.
#  File has not been updated.

# Not a target:
app/main.cpp:
#  Implicit rule search has not been done.
#  Modification time never checked.
#  File has not been updated.

# Not a target:
.DEFAULT:
#  Implicit rule search has not been done.
#  Modification time never checked.
#  File has not been updated.

build/drivers/button/button_debouncer.o: drivers/button/button_debouncer.cpp drivers/button/button_debouncer.hpp
#  Implicit rule search has not been done.
#  Modification time never checked.
#  File has not been updated.

platform/stm32f407/registers.hpp:
#  Implicit rule search has not been done.
#  Modification time never checked.
#  File has not been updated.

# Not a target:
build/drivers/led/led.d:
#  A default, MAKEFILES, or -include/sinclude makefile.
#  Implicit rule search has been done.
#  Last modified 2026-07-18 21:50:18
#  File has been updated.
#  Successfully updated.
# variable set hash-table stats:
# Load=0/32=0%, Rehash=0, Collisions=0/0=0%

# Not a target:
build/startup/vectors.d:
#  A default, MAKEFILES, or -include/sinclude makefile.
#  Implicit rule search has been done.
#  Last modified 2026-07-18 21:50:18
#  File has been updated.
#  Successfully updated.
# variable set hash-table stats:
# Load=0/32=0%, Rehash=0, Collisions=0/0=0%

# Not a target:
build/startup/startup.d:
#  A default, MAKEFILES, or -include/sinclude makefile.
#  Implicit rule search has been done.
#  Last modified 2026-07-18 21:50:18
#  File has been updated.
#  Successfully updated.
# variable set hash-table stats:
# Load=0/32=0%, Rehash=0, Collisions=0/0=0%

drivers/led/led.hpp:
#  Implicit rule search has not been done.
#  Modification time never checked.
#  File has not been updated.

# Not a target:
build/drivers/gpio/gpio.d:
#  A default, MAKEFILES, or -include/sinclude makefile.
#  Implicit rule search has been done.
#  Last modified 2026-07-18 21:50:18
#  File has been updated.
#  Successfully updated.
# variable set hash-table stats:
# Load=0/32=0%, Rehash=0, Collisions=0/0=0%

clean:
#  Phony target (prerequisite of .PHONY).
#  Implicit rule search has not been done.
#  File does not exist.
#  File has not been updated.
#  commands to execute (from `Makefile', line 85):
	rm -rf $(BUILD_DIR) $(HOST_BUILD_DIR)
	

build/firmware.elf: build/app/application.o build/app/command_processor.o build/app/main.o build/bsp/board.o build/drivers/button/button.o build/drivers/button/button_debouncer.o build/drivers/gpio/gpio.o build/drivers/led/led.o build/drivers/uart/uart.o build/platform/stm32f407/registers.o build/platform/stm32f407/system.o build/startup/startup.o build/startup/vectors.o linker/stm32f407.ld
#  Implicit rule search has not been done.
#  Modification time never checked.
#  File has not been updated.
#  commands to execute (from `Makefile', line 46):
	@mkdir -p $(dir $@)
	$(CXX) $(OBJECTS) $(LDFLAGS) -o $@
	

# Not a target:
build/bsp/board.d:
#  A default, MAKEFILES, or -include/sinclude makefile.
#  Implicit rule search has been done.
#  Last modified 2026-07-18 23:04:40
#  File has been updated.
#  Successfully updated.
# variable set hash-table stats:
# Load=0/32=0%, Rehash=0, Collisions=0/0=0%

drivers/gpio/gpio.hpp:
#  Implicit rule search has not been done.
 
#  Modification time never checked.
#  File has not been updated.

# Not a target:
app/application.cpp:
#  Implicit rule search has not been done.
#  Modification time never checked.
#  File has not been updated.

config/firmware_config.hpp:
#  Implicit rule search has not been done.
#  Modification time never checked.
#  File has not been updated.

build/drivers/uart/uart.o: drivers/uart/uart.cpp drivers/uart/uart.hpp drivers/gpio/gpio.hpp platform/stm32f407/registers.hpp
#  Implicit rule search has not been done.
#  Modification time never checked.
#  File has not been updated.

# Not a target:
build/platform/stm32f407/system.d:
#  A default, MAKEFILES, or -include/sinclude makefile.
#  Implicit rule search has been done.
#  Last modified 2026-07-18 21:50:18
#  File has been updated.
#  Successfully updated.
# variable set hash-table stats:
# Load=0/32=0%, Rehash=0, Collisions=0/0=0%

build-host/button_tests: tests/button_tests.cpp drivers/button/button_debouncer.cpp
#  Implicit rule search has not been done.
#  Modification time never checked.
#  File has not been updated.
#  commands to execute (from `Makefile', line 57):
	@mkdir -p $(dir $@)
	$(HOST_CXX) $(HOST_FLAGS) $^ -o $@
	

build-host/command_processor_tests: tests/command_processor_tests.cpp app/command_processor.cpp
#  Implicit rule search has not been done.
#  Modification time never checked.
#  File has not been updated.
#  commands to execute (from `Makefile', line 61):
	@mkdir -p $(dir $@)
	$(HOST_CXX) $(HOST_FLAGS) $^ -o $@
	

# Not a target:
app/command_processor.cpp:
#  Implicit rule search has not been done.
#  Modification time never checked.
#  File has not been updated.

build/drivers/button/button.o: drivers/button/button.cpp drivers/button/button.hpp drivers/button/button_debouncer.hpp drivers/gpio/gpio.hpp
#  Implicit rule search has not been done.
 
#  Modification time never checked.
 
#  File has not been updated.

flash: build/firmware.elf
#  Phony target (prerequisite of .PHONY).
#  Implicit rule search has not been done.
#  File does not exist.
#  File has not been updated.
#  commands to execute (from `Makefile', line 80):
	openocd -f interface/stlink.cfg \
	-f target/stm32f4x.cfg \
	-c "program $< verify reset exit"
	

app/application.hpp:
#  Implicit rule search has not been done.
#  Modification time never checked.
#  File has not been updated.

# Not a target:
startup/vectors.cpp:
#  Implicit rule search has not been done.
#  Modification time never checked.
#  File has not been updated.

# Not a target:
startup/startup.cpp:
#  Implicit rule search has not been done.
#  Modification time never checked.
#  File has not been updated.

# Not a target:
build/platform/stm32f407/registers.d:
#  A default, MAKEFILES, or -include/sinclude makefile.
#  Implicit rule search has been done.
#  Last modified 2026-07-18 21:50:18
#  File has been updated.
#  Successfully updated.
# variable set hash-table stats:
# Load=0/32=0%, Rehash=0, Collisions=0/0=0%

check-layout:
#  Phony target (prerequisite of .PHONY).
#  Implicit rule search has not been done.
#  Implicit/static pattern stem: `'
#  File does not exist.
#  File has been updated.
#  Needs to be updated (-q is set).
# automatic
# @ := check-layout
# automatic
# % := 
# automatic
# * := 
# automatic
# + := 
# automatic
# | := 
# automatic
# < := 
# automatic
# ^ := 
# automatic
# ? := 
# variable set hash-table stats:
# Load=8/32=25%, Rehash=0, Collisions=1/10=10%
#  commands to execute (from `Makefile', line 70):
	@test -f app/application.cpp
	@test -f bsp/board_config.hpp
	@test -f drivers/button/button.cpp
	@test -f drivers/led/led.cpp
	@test -f drivers/uart/uart.cpp
	@test -f platform/stm32f407/registers.cpp
	@test -f startup/vectors.cpp
	@echo "Layered project layout check passed."
	

build/drivers/led/led.o: drivers/led/led.cpp drivers/led/led.hpp drivers/gpio/gpio.hpp
#  Implicit rule search has not been done.
#  Modification time never checked.
#  File has not been updated.

build/startup/vectors.o: startup/vectors.cpp
#  Implicit rule search has not been done.
#  Modification time never checked.
#  File has not been updated.

app/command_processor.hpp:
#  Implicit rule search has not been done.
#  Modification time never checked.
#  File has not been updated.

build/startup/startup.o: startup/startup.cpp
#  Implicit rule search has not been done.
#  Modification time never checked.
#  File has not been updated.

build/drivers/gpio/gpio.o: drivers/gpio/gpio.cpp drivers/gpio/gpio.hpp platform/stm32f407/registers.hpp
#  Implicit rule search has not been done.
#  Modification time never checked.
#  File has not been updated.

build/bsp/board.o: bsp/board.cpp bsp/board.hpp drivers/button/button.hpp drivers/button/button_debouncer.hpp drivers/gpio/gpio.hpp drivers/led/led.hpp drivers/uart/uart.hpp platform/stm32f407/registers.hpp bsp/board_config.hpp config/firmware_config.hpp
#  Implicit rule search has not been done.
#  Modification time never checked.
#  File has not been updated.

# files hash-table stats:
# Load=67/1024=7%, Rehash=0, Collisions=4/213=2%
# VPATH Search Paths

# No `vpath' search paths.

# No general (`VPATH' variable) search path.

# # of strings in strcache: 14
# # of strcache buffers: 1
# strcache size: total = 4096 / max = 4096 / min = 4096 / avg = 4096
# strcache free: total = 3733 / max = 3733 / min = 3733 / avg = 3733

# Finished Make data base on Sat Jul 18 23:56:50 2026

 
